#
# A fatal error has been detected by the Java Runtime Environment:
#
#  EXCEPTION_ACCESS_VIOLATION (0xc0000005) at pc=0x0000000000000000, pid=13608, tid=3932
#
# JRE version: OpenJDK Runtime Environment (11.0.10) (build 11.0.10+0-b96-7249189)
# Java VM: OpenJDK 64-Bit Server VM (11.0.10+0-b96-7249189, mixed mode, tiered, compressed oops, g1 gc, windows-amd64)
# Problematic frame:
# C  0x0000000000000000
#
# No core dump will be written. Minidumps are not enabled by default on client versions of Windows
#
# If you would like to submit a bug report, please visit:
#   https://bugreport.java.com/bugreport/crash.jsp
#

---------------  S U M M A R Y ------------

Command Line: --add-opens=java.base/java.util=ALL-UNNAMED --add-opens=java.base/java.lang=ALL-UNNAMED --add-opens=java.base/java.lang.invoke=ALL-UNNAMED --add-opens=java.base/java.util=ALL-UNNAMED --add-opens=java.prefs/java.util.prefs=ALL-UNNAMED --add-opens=java.prefs/java.util.prefs=ALL-UNNAMED --add-opens=java.base/java.nio.charset=ALL-UNNAMED --add-opens=java.base/java.net=ALL-UNNAMED --add-opens=java.base/java.util.concurrent.atomic=ALL-UNNAMED -Xmx2048m -Dfile.encoding=UTF-8 -Duser.country=RU -Duser.language=ru -Duser.variant org.gradle.launcher.daemon.bootstrap.GradleDaemon 7.0.2

Host: AMD A10-9620P RADEON R5, 10 COMPUTE CORES 4C+6G, 4 cores, 14G,  Windows 10 , 64 bit Build 19041 (10.0.19041.1741)
Time: Sun Jun 26 16:25:24 2022 RTZ 2 (зима) elapsed time: 19.467821 seconds (0d 0h 0m 19s)

---------------  T H R E A D  ---------------

Current thread (0x000002321c427000):  JavaThread "C1 CompilerThread0" daemon [_thread_in_native, id=3932, stack(0x000000f4f7000000,0x000000f4f7100000)]


Current CompileTask:
C1:  19468 6276       3       java.util.regex.Pattern::group0 (1102 bytes)

Stack: [0x000000f4f7000000,0x000000f4f7100000],  sp=0x000000f4f70fee78,  free space=1019k
Native frames: (J=compiled Java code, j=interpreted, Vv=VM code, C=native code)


siginfo: EXCEPTION_ACCESS_VIOLATION (0xc0000005), data execution prevention violation at address 0x0000000000000000


Register to memory mapping:

RIP=0x0 is NULL
RAX=0x0000000000000020 is an unknown value
RBX=
[error occurred during error reporting (printing register info), id 0xc0000005, EXCEPTION_ACCESS_VIOLATION (0xc0000005) at pc=0x00007ffb0b5c9dc7]

Registers:
RAX=0x0000000000000020, RBX=0x00000000baae16f4, RCX=0x0000023205b0e800, RDX=0x0000000000000001
RSP=0x000000f4f70fee78, RBP=0x000000f4f70fefb0, RSI=0x00000000000000b8, RDI=0x0000000000000017
R8 =0x00000000baae16f4, R9 =0x0000000000000000, R10=0x000000f4f70ff3f8, R11=0x000000f4f70fee70
R12=0x0000000000000000, R13=0x0000023205b12ae5, R14=0x0000023220b757b0, R15=0x000000f4f70ff080
RIP=0x0000000000000000, EFLAGS=0x0000000000010213

Top of Stack: (sp=0x000000f4f70fee78)
0x000000f4f70fee78:   00007ffb0b63ef38 0000000000000000
0x000000f4f70fee88:   000002322085a5e0 000000000008d8b8
0x000000f4f70fee98:   00007ffb0b3be892 0000023220b757b0
0x000000f4f70feea8:   00007ffb0b411f13 0000023220b757b0
0x000000f4f70feeb8:   00000000ffffffff 0000023221fe3900
0x000000f4f70feec8:   00007ffb0ba3f440 0000000000000004
0x000000f4f70feed8:   00007ffb0b933a95 ffffffffffffffff
0x000000f4f70feee8:   00000000ffffffff 0000000000000000
0x000000f4f70feef8:   00007ffb0ba3f440 0000023205b12adb
0x000000f4f70fef08:   00007ffb0b4cba9c 000000f4f70ff3f8
0x000000f4f70fef18:   0000000000000018 0000000000000004
0x000000f4f70fef28:   ffffffffffffffff 000002321c427000
0x000000f4f70fef38:   000002322085a980 000000000008dba0
0x000000f4f70fef48:   00007ffb0b3be892 0000023201fc8750
0x000000f4f70fef58:   000000f4f70fefe0 000002321bb0bc90
0x000000f4f70fef68:   0000023220b74580 000000f4f70ff080 

Instructions: (pc=0x0000000000000000)
0xffffffffffffff00:   


Stack slot to memory mapping:
stack at sp + 0 slots: 0x00007ffb0b63ef38 jvm.dll
stack at sp + 1 slots: 0x0 is NULL
stack at sp + 2 slots: 0x000002322085a5e0 points into unknown readable memory: 0x00007ffb0bb0c998 | 98 c9 b0 0b fb 7f 00 00
stack at sp + 3 slots: 0x000000000008d8b8 is an unknown value
stack at sp + 4 slots: 0x00007ffb0b3be892 jvm.dll
stack at sp + 5 slots: 0x0000023220b757b0 points into unknown readable memory: 0x00007ffb0bae6228 | 28 62 ae 0b fb 7f 00 00
stack at sp + 6 slots: 0x00007ffb0b411f13 jvm.dll
stack at sp + 7 slots: 0x0000023220b757b0 points into unknown readable memory: 0x00007ffb0bae6228 | 28 62 ae 0b fb 7f 00 00


---------------  P R O C E S S  ---------------

Threads class SMR info:
_java_thread_list=0x000002321f458d20, length=43, elements={
0x0000023201fbc000, 0x000002321c413800, 0x000002321c415000, 0x000002321bbe6800,
0x000002321bbe7800, 0x000002321bbeb800, 0x000002321bbed000, 0x000002321c427000,
0x000002321c42b800, 0x000002321c5c3800, 0x000002321d8d8000, 0x000002321c723000,
0x000002321dc5d000, 0x000002321e7a7800, 0x000002321d8b5000, 0x000002321c54f800,
0x000002321ea93800, 0x000002321da5a000, 0x000002321e94a000, 0x000002321ebeb800,
0x000002321ebe9000, 0x000002321ebeb000, 0x000002321ebea000, 0x000002321e57f800,
0x000002321ebec800, 0x000002321ebe6800, 0x000002321ebed800, 0x000002321ebe7800,
0x000002321ebe8800, 0x000002322051a000, 0x0000023220518800, 0x0000023220517800,
0x000002322051b800, 0x000002322051c800, 0x000002322051d000, 0x000002322051e000,
0x000002322051f000, 0x0000023220519000, 0x0000023220524800, 0x0000023220520800,
0x000002322051f800, 0x0000023220521000, 0x0000023220522000
}

Java Threads: ( => current thread )
  0x0000023201fbc000 JavaThread "main" [_thread_blocked, id=14960, stack(0x000000f4f6300000,0x000000f4f6400000)]
  0x000002321c413800 JavaThread "Reference Handler" daemon [_thread_blocked, id=4216, stack(0x000000f4f6a00000,0x000000f4f6b00000)]
  0x000002321c415000 JavaThread "Finalizer" daemon [_thread_blocked, id=12212, stack(0x000000f4f6b00000,0x000000f4f6c00000)]
  0x000002321bbe6800 JavaThread "Signal Dispatcher" daemon [_thread_blocked, id=13464, stack(0x000000f4f6c00000,0x000000f4f6d00000)]
  0x000002321bbe7800 JavaThread "Attach Listener" daemon [_thread_blocked, id=16112, stack(0x000000f4f6d00000,0x000000f4f6e00000)]
  0x000002321bbeb800 JavaThread "Service Thread" daemon [_thread_blocked, id=15388, stack(0x000000f4f6e00000,0x000000f4f6f00000)]
  0x000002321bbed000 JavaThread "C2 CompilerThread0" daemon [_thread_in_vm, id=16132, stack(0x000000f4f6f00000,0x000000f4f7000000)]
=>0x000002321c427000 JavaThread "C1 CompilerThread0" daemon [_thread_in_native, id=3932, stack(0x000000f4f7000000,0x000000f4f7100000)]
  0x000002321c42b800 JavaThread "Sweeper thread" daemon [_thread_blocked, id=4864, stack(0x000000f4f7100000,0x000000f4f7200000)]
  0x000002321c5c3800 JavaThread "Common-Cleaner" daemon [_thread_blocked, id=15252, stack(0x000000f4f7200000,0x000000f4f7300000)]
  0x000002321d8d8000 JavaThread "Daemon health stats" [_thread_blocked, id=14328, stack(0x000000f4f7800000,0x000000f4f7900000)]
  0x000002321c723000 JavaThread "Incoming local TCP Connector on port 64600" [_thread_in_native, id=10660, stack(0x000000f4f7400000,0x000000f4f7500000)]
  0x000002321dc5d000 JavaThread "Daemon periodic checks" [_thread_blocked, id=2384, stack(0x000000f4f7900000,0x000000f4f7a00000)]
  0x000002321e7a7800 JavaThread "Daemon" [_thread_blocked, id=14624, stack(0x000000f4f7a00000,0x000000f4f7b00000)]
  0x000002321d8b5000 JavaThread "Handler for socket connection from /127.0.0.1:64600 to /127.0.0.1:64601" [_thread_in_native, id=4188, stack(0x000000f4f7b00000,0x000000f4f7c00000)]
  0x000002321c54f800 JavaThread "Cancel handler" [_thread_blocked, id=4508, stack(0x000000f4f7c00000,0x000000f4f7d00000)]
  0x000002321ea93800 JavaThread "Daemon worker" [_thread_blocked, id=9984, stack(0x000000f4f7d00000,0x000000f4f7e00000)]
  0x000002321da5a000 JavaThread "Asynchronous log dispatcher for DefaultDaemonConnection: socket connection from /127.0.0.1:64600 to /127.0.0.1:64601" [_thread_blocked, id=10356, stack(0x000000f4f7f00000,0x000000f4f8000000)]
  0x000002321e94a000 JavaThread "Stdin handler" [_thread_blocked, id=4240, stack(0x000000f4f8000000,0x000000f4f8100000)]
  0x000002321ebeb800 JavaThread "Daemon client event forwarder" [_thread_blocked, id=5476, stack(0x000000f4f8100000,0x000000f4f8200000)]
  0x000002321ebe9000 JavaThread "Cache worker for file hash cache (C:\Users\marin\.gradle\caches\7.0.2\fileHashes)" [_thread_blocked, id=1028, stack(0x000000f4f7e00000,0x000000f4f7f00000)]
  0x000002321ebeb000 JavaThread "File lock request listener" [_thread_in_native, id=3260, stack(0x000000f4f8200000,0x000000f4f8300000)]
  0x000002321ebea000 JavaThread "Cache worker for journal cache (C:\Users\marin\.gradle\caches\journal-1)" [_thread_blocked, id=11816, stack(0x000000f4f8300000,0x000000f4f8400000)]
  0x000002321e57f800 JavaThread "C2 CompilerThread1" daemon [_thread_in_vm, id=16064, stack(0x000000f4f8400000,0x000000f4f8500000)]
  0x000002321ebec800 JavaThread "Cache worker for file hash cache (C:\I_AM\PROFESSION_DEVELOPER\MY_PROJECTS\WORK_PROJECTS\kotlin\GeniusSongLyrics\.gradle\7.0.2\fileHashes)" [_thread_blocked, id=15020, stack(0x000000f4f8500000,0x000000f4f8600000)]
  0x000002321ebe6800 JavaThread "File watcher server" daemon [_thread_in_native, id=14540, stack(0x000000f4f8600000,0x000000f4f8700000)]
  0x000002321ebed800 JavaThread "File watcher consumer" daemon [_thread_blocked, id=10596, stack(0x000000f4f8700000,0x000000f4f8800000)]
  0x000002321ebe7800 JavaThread "Cache worker for checksums cache (C:\I_AM\PROFESSION_DEVELOPER\MY_PROJECTS\WORK_PROJECTS\kotlin\GeniusSongLyrics\.gradle\checksums)" [_thread_blocked, id=15788, stack(0x000000f4f8800000,0x000000f4f8900000)]
  0x000002321ebe8800 JavaThread "Cache worker for cache directory md-supplier (C:\Users\marin\.gradle\caches\7.0.2\md-supplier)" [_thread_blocked, id=9052, stack(0x000000f4f8900000,0x000000f4f8a00000)]
  0x000002322051a000 JavaThread "Cache worker for cache directory md-rule (C:\Users\marin\.gradle\caches\7.0.2\md-rule)" [_thread_blocked, id=13320, stack(0x000000f4f8a00000,0x000000f4f8b00000)]
  0x0000023220518800 JavaThread "Cache worker for execution history cache (C:\Users\marin\.gradle\caches\7.0.2\executionHistory)" [_thread_blocked, id=13844, stack(0x000000f4f8b00000,0x000000f4f8c00000)]
  0x0000023220517800 JavaThread "jar transforms" [_thread_blocked, id=1952, stack(0x000000f4f8c00000,0x000000f4f8d00000)]
  0x000002322051b800 JavaThread "jar transforms Thread 2" [_thread_blocked, id=14968, stack(0x000000f4f8d00000,0x000000f4f8e00000)]
  0x000002322051c800 JavaThread "Cache worker for file content cache (C:\Users\marin\.gradle\caches\7.0.2\fileContent)" [_thread_blocked, id=10144, stack(0x000000f4f8e00000,0x000000f4f8f00000)]
  0x000002322051d000 JavaThread "Cache worker for dependencies-accessors (C:\I_AM\PROFESSION_DEVELOPER\MY_PROJECTS\WORK_PROJECTS\kotlin\GeniusSongLyrics\.gradle\7.0.2\dependencies-accessors)" [_thread_blocked, id=14248, stack(0x000000f4f8f00000,0x000000f4f9000000)]
  0x000002322051e000 JavaThread "jar transforms Thread 3" [_thread_blocked, id=14000, stack(0x000000f4f9000000,0x000000f4f9100000)]
  0x000002322051f000 JavaThread "Cache worker for Build Output Cleanup Cache (C:\I_AM\PROFESSION_DEVELOPER\MY_PROJECTS\WORK_PROJECTS\kotlin\GeniusSongLyrics\.gradle\buildOutputCleanup)" [_thread_blocked, id=13668, stack(0x000000f4f9100000,0x000000f4f9200000)]
  0x0000023220519000 JavaThread "Build operations" [_thread_blocked, id=11472, stack(0x000000f4f9200000,0x000000f4f9300000)]
  0x0000023220524800 JavaThread "Build operations Thread 2" [_thread_blocked, id=13680, stack(0x000000f4f9300000,0x000000f4f9400000)]
  0x0000023220520800 JavaThread "Build operations Thread 3" [_thread_blocked, id=14972, stack(0x000000f4f9400000,0x000000f4f9500000)]
  0x000002322051f800 JavaThread "Build operations Thread 4" [_thread_blocked, id=8448, stack(0x000000f4f9500000,0x000000f4f9600000)]
  0x0000023220521000 JavaThread "jar transforms Thread 4" [_thread_blocked, id=10716, stack(0x000000f4f9600000,0x000000f4f9700000)]
  0x0000023220522000 JavaThread "Memory manager" [_thread_blocked, id=16216, stack(0x000000f4f9800000,0x000000f4f9900000)]

Other Threads:
  0x000002321bbd5800 VMThread "VM Thread" [stack: 0x000000f4f6900000,0x000000f4f6a00000] [id=5656]
  0x000002321c5e1000 WatcherThread [stack: 0x000000f4f7300000,0x000000f4f7400000] [id=10700]
  0x0000023201fd5000 GCTaskThread "GC Thread#0" [stack: 0x000000f4f6400000,0x000000f4f6500000] [id=11616]
  0x000002321d0ce800 GCTaskThread "GC Thread#1" [stack: 0x000000f4f7500000,0x000000f4f7600000] [id=3480]
  0x000002321c97a000 GCTaskThread "GC Thread#2" [stack: 0x000000f4f7600000,0x000000f4f7700000] [id=14348]
  0x000002321c7df800 GCTaskThread "GC Thread#3" [stack: 0x000000f4f7700000,0x000000f4f7800000] [id=9840]
  0x0000023202004000 ConcurrentGCThread "G1 Main Marker" [stack: 0x000000f4f6500000,0x000000f4f6600000] [id=3048]
  0x0000023202006000 ConcurrentGCThread "G1 Conc#0" [stack: 0x000000f4f6600000,0x000000f4f6700000] [id=9148]
  0x000002320209e000 ConcurrentGCThread "G1 Refine#0" [stack: 0x000000f4f6700000,0x000000f4f6800000] [id=232]
  0x0000023222799800 ConcurrentGCThread "G1 Refine#1" [stack: 0x000000f4f9700000,0x000000f4f9800000] [id=10592]
  0x000002321ba40800 ConcurrentGCThread "G1 Young RemSet Sampling" [stack: 0x000000f4f6800000,0x000000f4f6900000] [id=11220]

Threads with active compile tasks:
C2 CompilerThread0  19525 6194       4       java.util.jar.JarFile::getManifest (5 bytes)
C1 CompilerThread0  19525 6276       3       java.util.regex.Pattern::group0 (1102 bytes)
C2 CompilerThread1  19525 6193       4       java.util.jar.JarFile::getManifestFromReference (117 bytes)

VM state:not at safepoint (normal execution)

VM Mutex/Monitor currently owned by a thread:  ([mutex/lock_event])
[0x0000023201fb8c90] CodeCache_lock - owner thread: 0x000002321e57f800
[0x0000023201fb9470] Compile_lock - owner thread: 0x000002321e57f800
[0x0000023201fb9a10] MethodCompileQueue_lock - owner thread: 0x000002321e57f800

Heap address: 0x0000000080000000, size: 2048 MB, Compressed Oops mode: 32-bit
Narrow klass base: 0x0000000000000000, Narrow klass shift: 3
Compressed class space size: 1073741824 Address: 0x0000000100000000

Heap:
 garbage-first heap   total 245760K, used 98537K [0x0000000080000000, 0x0000000100000000)
  region size 1024K, 48 young (49152K), 3 survivors (3072K)
 Metaspace       used 62837K, capacity 64348K, committed 64460K, reserved 1105920K
  class space    used 7959K, capacity 8542K, committed 8652K, reserved 1048576K
Heap Regions: E=young(eden), S=young(survivor), O=old, HS=humongous(starts), HC=humongous(continues), CS=collection set, F=free, A=archive, TAMS=top-at-mark-start (previous, next)
|   0|0x0000000080000000, 0x0000000080100000, 0x0000000080100000|100%| O|  |TAMS 0x0000000080100000, 0x0000000080000000| Untracked 
|   1|0x0000000080100000, 0x0000000080200000, 0x0000000080200000|100%| O|  |TAMS 0x0000000080200000, 0x0000000080100000| Untracked 
|   2|0x0000000080200000, 0x0000000080300000, 0x0000000080300000|100%| O|  |TAMS 0x0000000080300000, 0x0000000080200000| Untracked 
|   3|0x0000000080300000, 0x0000000080400000, 0x0000000080400000|100%|HS|  |TAMS 0x0000000080400000, 0x0000000080300000| Complete 
|   4|0x0000000080400000, 0x0000000080500000, 0x0000000080500000|100%|HC|  |TAMS 0x0000000080500000, 0x0000000080400000| Complete 
|   5|0x0000000080500000, 0x0000000080600000, 0x0000000080600000|100%|HC|  |TAMS 0x0000000080600000, 0x0000000080500000| Complete 
|   6|0x0000000080600000, 0x0000000080700000, 0x0000000080700000|100%| O|  |TAMS 0x0000000080700000, 0x0000000080600000| Untracked 
|   7|0x0000000080700000, 0x0000000080800000, 0x0000000080800000|100%| O|  |TAMS 0x0000000080800000, 0x0000000080700000| Untracked 
|   8|0x0000000080800000, 0x0000000080900000, 0x0000000080900000|100%| O|  |TAMS 0x0000000080900000, 0x0000000080800000| Untracked 
|   9|0x0000000080900000, 0x0000000080a00000, 0x0000000080a00000|100%| O|  |TAMS 0x0000000080a00000, 0x0000000080900000| Untracked 
|  10|0x0000000080a00000, 0x0000000080b00000, 0x0000000080b00000|100%| O|  |TAMS 0x0000000080b00000, 0x0000000080a00000| Untracked 
|  11|0x0000000080b00000, 0x0000000080c00000, 0x0000000080c00000|100%| O|  |TAMS 0x0000000080c00000, 0x0000000080b00000| Untracked 
|  12|0x0000000080c00000, 0x0000000080d00000, 0x0000000080d00000|100%| O|  |TAMS 0x0000000080d00000, 0x0000000080c00000| Untracked 
|  13|0x0000000080d00000, 0x0000000080e00000, 0x0000000080e00000|100%| O|  |TAMS 0x0000000080e00000, 0x0000000080d00000| Untracked 
|  14|0x0000000080e00000, 0x0000000080f00000, 0x0000000080f00000|100%| O|  |TAMS 0x0000000080f00000, 0x0000000080e00000| Untracked 
|  15|0x0000000080f00000, 0x0000000081000000, 0x0000000081000000|100%| O|  |TAMS 0x0000000081000000, 0x0000000080f00000| Untracked 
|  16|0x0000000081000000, 0x0000000081100000, 0x0000000081100000|100%| O|  |TAMS 0x0000000081100000, 0x0000000081000000| Untracked 
|  17|0x0000000081100000, 0x0000000081200000, 0x0000000081200000|100%|HS|  |TAMS 0x0000000081200000, 0x0000000081100000| Complete 
|  18|0x0000000081200000, 0x0000000081300000, 0x0000000081300000|100%|HS|  |TAMS 0x0000000081300000, 0x0000000081200000| Complete 
|  19|0x0000000081300000, 0x0000000081400000, 0x0000000081400000|100%|HS|  |TAMS 0x0000000081400000, 0x0000000081300000| Complete 
|  20|0x0000000081400000, 0x0000000081500000, 0x0000000081500000|100%|HS|  |TAMS 0x0000000081500000, 0x0000000081400000| Complete 
|  21|0x0000000081500000, 0x0000000081600000, 0x0000000081600000|100%|HC|  |TAMS 0x0000000081600000, 0x0000000081500000| Complete 
|  22|0x0000000081600000, 0x0000000081700000, 0x0000000081700000|100%|HC|  |TAMS 0x0000000081700000, 0x0000000081600000| Complete 
|  23|0x0000000081700000, 0x0000000081800000, 0x0000000081800000|100%|HS|  |TAMS 0x0000000081800000, 0x0000000081700000| Complete 
|  24|0x0000000081800000, 0x0000000081900000, 0x0000000081900000|100%|HC|  |TAMS 0x0000000081900000, 0x0000000081800000| Complete 
|  25|0x0000000081900000, 0x0000000081a00000, 0x0000000081a00000|100%| O|  |TAMS 0x0000000081a00000, 0x0000000081900000| Untracked 
|  26|0x0000000081a00000, 0x0000000081b00000, 0x0000000081b00000|100%| O|  |TAMS 0x0000000081b00000, 0x0000000081a00000| Untracked 
|  27|0x0000000081b00000, 0x0000000081c00000, 0x0000000081c00000|100%| O|  |TAMS 0x0000000081c00000, 0x0000000081b00000| Untracked 
|  28|0x0000000081c00000, 0x0000000081d00000, 0x0000000081d00000|100%| O|  |TAMS 0x0000000081d00000, 0x0000000081c00000| Untracked 
|  29|0x0000000081d00000, 0x0000000081e00000, 0x0000000081e00000|100%| O|  |TAMS 0x0000000081e00000, 0x0000000081d00000| Untracked 
|  30|0x0000000081e00000, 0x0000000081f00000, 0x0000000081f00000|100%| O|  |TAMS 0x0000000081f00000, 0x0000000081e00000| Untracked 
|  31|0x0000000081f00000, 0x0000000082000000, 0x0000000082000000|100%| O|  |TAMS 0x0000000082000000, 0x0000000081f00000| Untracked 
|  32|0x0000000082000000, 0x0000000082100000, 0x0000000082100000|100%| O|  |TAMS 0x0000000082100000, 0x0000000082000000| Untracked 
|  33|0x0000000082100000, 0x0000000082200000, 0x0000000082200000|100%| O|  |TAMS 0x0000000082200000, 0x0000000082100000| Untracked 
|  34|0x0000000082200000, 0x0000000082300000, 0x0000000082300000|100%| O|  |TAMS 0x0000000082300000, 0x0000000082200000| Untracked 
|  35|0x0000000082300000, 0x0000000082400000, 0x0000000082400000|100%| O|  |TAMS 0x0000000082400000, 0x0000000082300000| Untracked 
|  36|0x0000000082400000, 0x0000000082500000, 0x0000000082500000|100%| O|  |TAMS 0x0000000082500000, 0x0000000082400000| Untracked 
|  37|0x0000000082500000, 0x0000000082600000, 0x0000000082600000|100%| O|  |TAMS 0x0000000082600000, 0x0000000082500000| Untracked 
|  38|0x0000000082600000, 0x0000000082700000, 0x0000000082700000|100%| O|  |TAMS 0x0000000082700000, 0x0000000082600000| Untracked 
|  39|0x0000000082700000, 0x0000000082800000, 0x0000000082800000|100%| O|  |TAMS 0x0000000082800000, 0x0000000082700000| Untracked 
|  40|0x0000000082800000, 0x0000000082900000, 0x0000000082900000|100%| O|  |TAMS 0x0000000082900000, 0x0000000082800000| Untracked 
|  41|0x0000000082900000, 0x0000000082a00000, 0x0000000082a00000|100%| O|  |TAMS 0x0000000082a00000, 0x0000000082900000| Untracked 
|  42|0x0000000082a00000, 0x0000000082b00000, 0x0000000082b00000|100%| O|  |TAMS 0x0000000082b00000, 0x0000000082a00000| Untracked 
|  43|0x0000000082b00000, 0x0000000082c00000, 0x0000000082c00000|100%| O|  |TAMS 0x0000000082c00000, 0x0000000082b00000| Untracked 
|  44|0x0000000082c00000, 0x0000000082d00000, 0x0000000082d00000|100%| O|  |TAMS 0x0000000082d00000, 0x0000000082c00000| Untracked 
|  45|0x0000000082d00000, 0x0000000082e00000, 0x0000000082e00000|100%| O|  |TAMS 0x0000000082e00000, 0x0000000082d00000| Untracked 
|  46|0x0000000082e00000, 0x0000000082f00000, 0x0000000082f00000|100%| O|  |TAMS 0x0000000082f00000, 0x0000000082e00000| Untracked 
|  47|0x0000000082f00000, 0x0000000083000000, 0x0000000083000000|100%| O|  |TAMS 0x0000000083000000, 0x0000000082f00000| Untracked 
|  48|0x0000000083000000, 0x0000000083100000, 0x0000000083100000|100%| O|  |TAMS 0x0000000083100000, 0x0000000083000000| Untracked 
|  49|0x0000000083100000, 0x00000000831ba600, 0x0000000083200000| 72%| O|  |TAMS 0x00000000831ba600, 0x0000000083100000| Untracked 
|  50|0x0000000083200000, 0x0000000083300000, 0x0000000083300000|100%|HS|  |TAMS 0x0000000083200000, 0x0000000083200000| Complete 
|  51|0x0000000083300000, 0x0000000083300000, 0x0000000083400000|  0%| F|  |TAMS 0x0000000083300000, 0x0000000083300000| Untracked 
|  52|0x0000000083400000, 0x0000000083400000, 0x0000000083500000|  0%| F|  |TAMS 0x0000000083400000, 0x0000000083400000| Untracked 
|  53|0x0000000083500000, 0x0000000083500000, 0x0000000083600000|  0%| F|  |TAMS 0x0000000083500000, 0x0000000083500000| Untracked 
|  54|0x0000000083600000, 0x0000000083600000, 0x0000000083700000|  0%| F|  |TAMS 0x0000000083600000, 0x0000000083600000| Untracked 
|  55|0x0000000083700000, 0x0000000083700000, 0x0000000083800000|  0%| F|  |TAMS 0x0000000083700000, 0x0000000083700000| Untracked 
|  56|0x0000000083800000, 0x0000000083800000, 0x0000000083900000|  0%| F|  |TAMS 0x0000000083800000, 0x0000000083800000| Untracked 
|  57|0x0000000083900000, 0x0000000083900000, 0x0000000083a00000|  0%| F|  |TAMS 0x0000000083900000, 0x0000000083900000| Untracked 
|  58|0x0000000083a00000, 0x0000000083a00000, 0x0000000083b00000|  0%| F|  |TAMS 0x0000000083a00000, 0x0000000083a00000| Untracked 
|  59|0x0000000083b00000, 0x0000000083b00000, 0x0000000083c00000|  0%| F|  |TAMS 0x0000000083b00000, 0x0000000083b00000| Untracked 
|  60|0x0000000083c00000, 0x0000000083c00000, 0x0000000083d00000|  0%| F|  |TAMS 0x0000000083c00000, 0x0000000083c00000| Untracked 
|  61|0x0000000083d00000, 0x0000000083d00000, 0x0000000083e00000|  0%| F|  |TAMS 0x0000000083d00000, 0x0000000083d00000| Untracked 
|  62|0x0000000083e00000, 0x0000000083e00000, 0x0000000083f00000|  0%| F|  |TAMS 0x0000000083e00000, 0x0000000083e00000| Untracked 
|  63|0x0000000083f00000, 0x0000000083f00000, 0x0000000084000000|  0%| F|  |TAMS 0x0000000083f00000, 0x0000000083f00000| Untracked 
|  64|0x0000000084000000, 0x0000000084000000, 0x0000000084100000|  0%| F|  |TAMS 0x0000000084000000, 0x0000000084000000| Untracked 
|  65|0x0000000084100000, 0x0000000084100000, 0x0000000084200000|  0%| F|  |TAMS 0x0000000084100000, 0x0000000084100000| Untracked 
|  66|0x0000000084200000, 0x0000000084200000, 0x0000000084300000|  0%| F|  |TAMS 0x0000000084200000, 0x0000000084200000| Untracked 
|  67|0x0000000084300000, 0x0000000084300000, 0x0000000084400000|  0%| F|  |TAMS 0x0000000084300000, 0x0000000084300000| Untracked 
|  68|0x0000000084400000, 0x0000000084400000, 0x0000000084500000|  0%| F|  |TAMS 0x0000000084400000, 0x0000000084400000| Untracked 
|  69|0x0000000084500000, 0x0000000084500000, 0x0000000084600000|  0%| F|  |TAMS 0x0000000084500000, 0x0000000084500000| Untracked 
|  70|0x0000000084600000, 0x0000000084600000, 0x0000000084700000|  0%| F|  |TAMS 0x0000000084600000, 0x0000000084600000| Untracked 
|  71|0x0000000084700000, 0x0000000084700000, 0x0000000084800000|  0%| F|  |TAMS 0x0000000084700000, 0x0000000084700000| Untracked 
|  72|0x0000000084800000, 0x0000000084800000, 0x0000000084900000|  0%| F|  |TAMS 0x0000000084800000, 0x0000000084800000| Untracked 
|  73|0x0000000084900000, 0x0000000084900000, 0x0000000084a00000|  0%| F|  |TAMS 0x0000000084900000, 0x0000000084900000| Untracked 
|  74|0x0000000084a00000, 0x0000000084a00000, 0x0000000084b00000|  0%| F|  |TAMS 0x0000000084a00000, 0x0000000084a00000| Untracked 
|  75|0x0000000084b00000, 0x0000000084b00000, 0x0000000084c00000|  0%| F|  |TAMS 0x0000000084b00000, 0x0000000084b00000| Untracked 
|  76|0x0000000084c00000, 0x0000000084c00000, 0x0000000084d00000|  0%| F|  |TAMS 0x0000000084c00000, 0x0000000084c00000| Untracked 
|  77|0x0000000084d00000, 0x0000000084d00000, 0x0000000084e00000|  0%| F|  |TAMS 0x0000000084d00000, 0x0000000084d00000| Untracked 
|  78|0x0000000084e00000, 0x0000000084e00000, 0x0000000084f00000|  0%| F|  |TAMS 0x0000000084e00000, 0x0000000084e00000| Untracked 
|  79|0x0000000084f00000, 0x0000000084f00000, 0x0000000085000000|  0%| F|  |TAMS 0x0000000084f00000, 0x0000000084f00000| Untracked 
|  80|0x0000000085000000, 0x0000000085000000, 0x0000000085100000|  0%| F|  |TAMS 0x0000000085000000, 0x0000000085000000| Untracked 
|  81|0x0000000085100000, 0x0000000085100000, 0x0000000085200000|  0%| F|  |TAMS 0x0000000085100000, 0x0000000085100000| Untracked 
|  82|0x0000000085200000, 0x0000000085200000, 0x0000000085300000|  0%| F|  |TAMS 0x0000000085200000, 0x0000000085200000| Untracked 
|  83|0x0000000085300000, 0x0000000085300000, 0x0000000085400000|  0%| F|  |TAMS 0x0000000085300000, 0x0000000085300000| Untracked 
|  84|0x0000000085400000, 0x0000000085400000, 0x0000000085500000|  0%| F|  |TAMS 0x0000000085400000, 0x0000000085400000| Untracked 
|  85|0x0000000085500000, 0x0000000085500000, 0x0000000085600000|  0%| F|  |TAMS 0x0000000085500000, 0x0000000085500000| Untracked 
|  86|0x0000000085600000, 0x0000000085600000, 0x0000000085700000|  0%| F|  |TAMS 0x0000000085600000, 0x0000000085600000| Untracked 
|  87|0x0000000085700000, 0x0000000085700000, 0x0000000085800000|  0%| F|  |TAMS 0x0000000085700000, 0x0000000085700000| Untracked 
|  88|0x0000000085800000, 0x0000000085800000, 0x0000000085900000|  0%| F|  |TAMS 0x0000000085800000, 0x0000000085800000| Untracked 
|  89|0x0000000085900000, 0x0000000085900000, 0x0000000085a00000|  0%| F|  |TAMS 0x0000000085900000, 0x0000000085900000| Untracked 
|  90|0x0000000085a00000, 0x0000000085a00000, 0x0000000085b00000|  0%| F|  |TAMS 0x0000000085a00000, 0x0000000085a00000| Untracked 
|  91|0x0000000085b00000, 0x0000000085b00000, 0x0000000085c00000|  0%| F|  |TAMS 0x0000000085b00000, 0x0000000085b00000| Untracked 
|  92|0x0000000085c00000, 0x0000000085c00000, 0x0000000085d00000|  0%| F|  |TAMS 0x0000000085c00000, 0x0000000085c00000| Untracked 
|  93|0x0000000085d00000, 0x0000000085d00000, 0x0000000085e00000|  0%| F|  |TAMS 0x0000000085d00000, 0x0000000085d00000| Untracked 
|  94|0x0000000085e00000, 0x0000000085e00000, 0x0000000085f00000|  0%| F|  |TAMS 0x0000000085e00000, 0x0000000085e00000| Untracked 
|  95|0x0000000085f00000, 0x0000000085f00000, 0x0000000086000000|  0%| F|  |TAMS 0x0000000085f00000, 0x0000000085f00000| Untracked 
|  96|0x0000000086000000, 0x0000000086000000, 0x0000000086100000|  0%| F|  |TAMS 0x0000000086000000, 0x0000000086000000| Untracked 
|  97|0x0000000086100000, 0x0000000086100000, 0x0000000086200000|  0%| F|  |TAMS 0x0000000086100000, 0x0000000086100000| Untracked 
|  98|0x0000000086200000, 0x0000000086200000, 0x0000000086300000|  0%| F|  |TAMS 0x0000000086200000, 0x0000000086200000| Untracked 
|  99|0x0000000086300000, 0x0000000086300000, 0x0000000086400000|  0%| F|  |TAMS 0x0000000086300000, 0x0000000086300000| Untracked 
| 100|0x0000000086400000, 0x0000000086400000, 0x0000000086500000|  0%| F|  |TAMS 0x0000000086400000, 0x0000000086400000| Untracked 
| 101|0x0000000086500000, 0x0000000086500000, 0x0000000086600000|  0%| F|  |TAMS 0x0000000086500000, 0x0000000086500000| Untracked 
| 102|0x0000000086600000, 0x0000000086600000, 0x0000000086700000|  0%| F|  |TAMS 0x0000000086600000, 0x0000000086600000| Untracked 
| 103|0x0000000086700000, 0x0000000086700000, 0x0000000086800000|  0%| F|  |TAMS 0x0000000086700000, 0x0000000086700000| Untracked 
| 104|0x0000000086800000, 0x0000000086800000, 0x0000000086900000|  0%| F|  |TAMS 0x0000000086800000, 0x0000000086800000| Untracked 
| 105|0x0000000086900000, 0x0000000086900000, 0x0000000086a00000|  0%| F|  |TAMS 0x0000000086900000, 0x0000000086900000| Untracked 
| 106|0x0000000086a00000, 0x0000000086a00000, 0x0000000086b00000|  0%| F|  |TAMS 0x0000000086a00000, 0x0000000086a00000| Untracked 
| 107|0x0000000086b00000, 0x0000000086b00000, 0x0000000086c00000|  0%| F|  |TAMS 0x0000000086b00000, 0x0000000086b00000| Untracked 
| 108|0x0000000086c00000, 0x0000000086c00000, 0x0000000086d00000|  0%| F|  |TAMS 0x0000000086c00000, 0x0000000086c00000| Untracked 
| 109|0x0000000086d00000, 0x0000000086d00000, 0x0000000086e00000|  0%| F|  |TAMS 0x0000000086d00000, 0x0000000086d00000| Untracked 
| 110|0x0000000086e00000, 0x0000000086e00000, 0x0000000086f00000|  0%| F|  |TAMS 0x0000000086e00000, 0x0000000086e00000| Untracked 
| 111|0x0000000086f00000, 0x0000000086f00000, 0x0000000087000000|  0%| F|  |TAMS 0x0000000086f00000, 0x0000000086f00000| Untracked 
| 112|0x0000000087000000, 0x0000000087000000, 0x0000000087100000|  0%| F|  |TAMS 0x0000000087000000, 0x0000000087000000| Untracked 
| 113|0x0000000087100000, 0x0000000087100000, 0x0000000087200000|  0%| F|  |TAMS 0x0000000087100000, 0x0000000087100000| Untracked 
| 114|0x0000000087200000, 0x0000000087200000, 0x0000000087300000|  0%| F|  |TAMS 0x0000000087200000, 0x0000000087200000| Untracked 
| 115|0x0000000087300000, 0x0000000087300000, 0x0000000087400000|  0%| F|  |TAMS 0x0000000087300000, 0x0000000087300000| Untracked 
| 116|0x0000000087400000, 0x0000000087400000, 0x0000000087500000|  0%| F|  |TAMS 0x0000000087400000, 0x0000000087400000| Untracked 
| 117|0x0000000087500000, 0x0000000087500000, 0x0000000087600000|  0%| F|  |TAMS 0x0000000087500000, 0x0000000087500000| Untracked 
| 118|0x0000000087600000, 0x0000000087600000, 0x0000000087700000|  0%| F|  |TAMS 0x0000000087600000, 0x0000000087600000| Untracked 
| 119|0x0000000087700000, 0x0000000087700000, 0x0000000087800000|  0%| F|  |TAMS 0x0000000087700000, 0x0000000087700000| Untracked 
| 120|0x0000000087800000, 0x0000000087800000, 0x0000000087900000|  0%| F|  |TAMS 0x0000000087800000, 0x0000000087800000| Untracked 
| 121|0x0000000087900000, 0x0000000087900000, 0x0000000087a00000|  0%| F|  |TAMS 0x0000000087900000, 0x0000000087900000| Untracked 
| 122|0x0000000087a00000, 0x0000000087a00000, 0x0000000087b00000|  0%| F|  |TAMS 0x0000000087a00000, 0x0000000087a00000| Untracked 
| 123|0x0000000087b00000, 0x0000000087b00000, 0x0000000087c00000|  0%| F|  |TAMS 0x0000000087b00000, 0x0000000087b00000| Untracked 
| 124|0x0000000087c00000, 0x0000000087c00000, 0x0000000087d00000|  0%| F|  |TAMS 0x0000000087c00000, 0x0000000087c00000| Untracked 
| 125|0x0000000087d00000, 0x0000000087d00000, 0x0000000087e00000|  0%| F|  |TAMS 0x0000000087d00000, 0x0000000087d00000| Untracked 
| 126|0x0000000087e00000, 0x0000000087e00000, 0x0000000087f00000|  0%| F|  |TAMS 0x0000000087e00000, 0x0000000087e00000| Untracked 
| 127|0x0000000087f00000, 0x0000000087f00000, 0x0000000088000000|  0%| F|  |TAMS 0x0000000087f00000, 0x0000000087f00000| Untracked 
| 128|0x0000000088000000, 0x0000000088000000, 0x0000000088100000|  0%| F|  |TAMS 0x0000000088000000, 0x0000000088000000| Untracked 
| 129|0x0000000088100000, 0x0000000088100000, 0x0000000088200000|  0%| F|  |TAMS 0x0000000088100000, 0x0000000088100000| Untracked 
| 130|0x0000000088200000, 0x0000000088200000, 0x0000000088300000|  0%| F|  |TAMS 0x0000000088200000, 0x0000000088200000| Untracked 
| 131|0x0000000088300000, 0x0000000088300000, 0x0000000088400000|  0%| F|  |TAMS 0x0000000088300000, 0x0000000088300000| Untracked 
| 132|0x0000000088400000, 0x0000000088400000, 0x0000000088500000|  0%| F|  |TAMS 0x0000000088400000, 0x0000000088400000| Untracked 
| 133|0x0000000088500000, 0x0000000088500000, 0x0000000088600000|  0%| F|  |TAMS 0x0000000088500000, 0x0000000088500000| Untracked 
| 134|0x0000000088600000, 0x0000000088600000, 0x0000000088700000|  0%| F|  |TAMS 0x0000000088600000, 0x0000000088600000| Untracked 
| 135|0x0000000088700000, 0x0000000088700000, 0x0000000088800000|  0%| F|  |TAMS 0x0000000088700000, 0x0000000088700000| Untracked 
| 136|0x0000000088800000, 0x0000000088800000, 0x0000000088900000|  0%| F|  |TAMS 0x0000000088800000, 0x0000000088800000| Untracked 
| 137|0x0000000088900000, 0x0000000088900000, 0x0000000088a00000|  0%| F|  |TAMS 0x0000000088900000, 0x0000000088900000| Untracked 
| 138|0x0000000088a00000, 0x0000000088a00000, 0x0000000088b00000|  0%| F|  |TAMS 0x0000000088a00000, 0x0000000088a00000| Untracked 
| 139|0x0000000088b00000, 0x0000000088b00000, 0x0000000088c00000|  0%| F|  |TAMS 0x0000000088b00000, 0x0000000088b00000| Untracked 
| 140|0x0000000088c00000, 0x0000000088c00000, 0x0000000088d00000|  0%| F|  |TAMS 0x0000000088c00000, 0x0000000088c00000| Untracked 
| 141|0x0000000088d00000, 0x0000000088d00000, 0x0000000088e00000|  0%| F|  |TAMS 0x0000000088d00000, 0x0000000088d00000| Untracked 
| 142|0x0000000088e00000, 0x0000000088e00000, 0x0000000088f00000|  0%| F|  |TAMS 0x0000000088e00000, 0x0000000088e00000| Untracked 
| 143|0x0000000088f00000, 0x0000000088f00000, 0x0000000089000000|  0%| F|  |TAMS 0x0000000088f00000, 0x0000000088f00000| Untracked 
| 144|0x0000000089000000, 0x0000000089000000, 0x0000000089100000|  0%| F|  |TAMS 0x0000000089000000, 0x0000000089000000| Untracked 
| 145|0x0000000089100000, 0x0000000089100000, 0x0000000089200000|  0%| F|  |TAMS 0x0000000089100000, 0x0000000089100000| Untracked 
| 146|0x0000000089200000, 0x0000000089200000, 0x0000000089300000|  0%| F|  |TAMS 0x0000000089200000, 0x0000000089200000| Untracked 
| 147|0x0000000089300000, 0x0000000089300000, 0x0000000089400000|  0%| F|  |TAMS 0x0000000089300000, 0x0000000089300000| Untracked 
| 148|0x0000000089400000, 0x0000000089400000, 0x0000000089500000|  0%| F|  |TAMS 0x0000000089400000, 0x0000000089400000| Untracked 
| 149|0x0000000089500000, 0x0000000089500000, 0x0000000089600000|  0%| F|  |TAMS 0x0000000089500000, 0x0000000089500000| Untracked 
| 150|0x0000000089600000, 0x0000000089600000, 0x0000000089700000|  0%| F|  |TAMS 0x0000000089600000, 0x0000000089600000| Untracked 
| 151|0x0000000089700000, 0x0000000089700000, 0x0000000089800000|  0%| F|  |TAMS 0x0000000089700000, 0x0000000089700000| Untracked 
| 152|0x0000000089800000, 0x0000000089800000, 0x0000000089900000|  0%| F|  |TAMS 0x0000000089800000, 0x0000000089800000| Untracked 
| 153|0x0000000089900000, 0x0000000089900000, 0x0000000089a00000|  0%| F|  |TAMS 0x0000000089900000, 0x0000000089900000| Untracked 
| 154|0x0000000089a00000, 0x0000000089a00000, 0x0000000089b00000|  0%| F|  |TAMS 0x0000000089a00000, 0x0000000089a00000| Untracked 
| 155|0x0000000089b00000, 0x0000000089b00000, 0x0000000089c00000|  0%| F|  |TAMS 0x0000000089b00000, 0x0000000089b00000| Untracked 
| 156|0x0000000089c00000, 0x0000000089c00000, 0x0000000089d00000|  0%| F|  |TAMS 0x0000000089c00000, 0x0000000089c00000| Untracked 
| 157|0x0000000089d00000, 0x0000000089d00000, 0x0000000089e00000|  0%| F|  |TAMS 0x0000000089d00000, 0x0000000089d00000| Untracked 
| 158|0x0000000089e00000, 0x0000000089e00000, 0x0000000089f00000|  0%| F|  |TAMS 0x0000000089e00000, 0x0000000089e00000| Untracked 
| 159|0x0000000089f00000, 0x0000000089f00000, 0x000000008a000000|  0%| F|  |TAMS 0x0000000089f00000, 0x0000000089f00000| Untracked 
| 160|0x000000008a000000, 0x000000008a000000, 0x000000008a100000|  0%| F|  |TAMS 0x000000008a000000, 0x000000008a000000| Untracked 
| 161|0x000000008a100000, 0x000000008a100000, 0x000000008a200000|  0%| F|  |TAMS 0x000000008a100000, 0x000000008a100000| Untracked 
| 162|0x000000008a200000, 0x000000008a200000, 0x000000008a300000|  0%| F|  |TAMS 0x000000008a200000, 0x000000008a200000| Untracked 
| 163|0x000000008a300000, 0x000000008a300000, 0x000000008a400000|  0%| F|  |TAMS 0x000000008a300000, 0x000000008a300000| Untracked 
| 164|0x000000008a400000, 0x000000008a400000, 0x000000008a500000|  0%| F|  |TAMS 0x000000008a400000, 0x000000008a400000| Untracked 
| 165|0x000000008a500000, 0x000000008a500000, 0x000000008a600000|  0%| F|  |TAMS 0x000000008a500000, 0x000000008a500000| Untracked 
| 166|0x000000008a600000, 0x000000008a600000, 0x000000008a700000|  0%| F|  |TAMS 0x000000008a600000, 0x000000008a600000| Untracked 
| 167|0x000000008a700000, 0x000000008a700000, 0x000000008a800000|  0%| F|  |TAMS 0x000000008a700000, 0x000000008a700000| Untracked 
| 168|0x000000008a800000, 0x000000008a800000, 0x000000008a900000|  0%| F|  |TAMS 0x000000008a800000, 0x000000008a800000| Untracked 
| 169|0x000000008a900000, 0x000000008a900000, 0x000000008aa00000|  0%| F|  |TAMS 0x000000008a900000, 0x000000008a900000| Untracked 
| 170|0x000000008aa00000, 0x000000008aa00000, 0x000000008ab00000|  0%| F|  |TAMS 0x000000008aa00000, 0x000000008aa00000| Untracked 
| 171|0x000000008ab00000, 0x000000008ab00000, 0x000000008ac00000|  0%| F|  |TAMS 0x000000008ab00000, 0x000000008ab00000| Untracked 
| 172|0x000000008ac00000, 0x000000008ac00000, 0x000000008ad00000|  0%| F|  |TAMS 0x000000008ac00000, 0x000000008ac00000| Untracked 
| 173|0x000000008ad00000, 0x000000008ad00000, 0x000000008ae00000|  0%| F|  |TAMS 0x000000008ad00000, 0x000000008ad00000| Untracked 
| 174|0x000000008ae00000, 0x000000008ae00000, 0x000000008af00000|  0%| F|  |TAMS 0x000000008ae00000, 0x000000008ae00000| Untracked 
| 175|0x000000008af00000, 0x000000008af00000, 0x000000008b000000|  0%| F|  |TAMS 0x000000008af00000, 0x000000008af00000| Untracked 
| 176|0x000000008b000000, 0x000000008b000000, 0x000000008b100000|  0%| F|  |TAMS 0x000000008b000000, 0x000000008b000000| Untracked 
| 177|0x000000008b100000, 0x000000008b100000, 0x000000008b200000|  0%| F|  |TAMS 0x000000008b100000, 0x000000008b100000| Untracked 
| 178|0x000000008b200000, 0x000000008b200000, 0x000000008b300000|  0%| F|  |TAMS 0x000000008b200000, 0x000000008b200000| Untracked 
| 179|0x000000008b300000, 0x000000008b300000, 0x000000008b400000|  0%| F|  |TAMS 0x000000008b300000, 0x000000008b300000| Untracked 
| 180|0x000000008b400000, 0x000000008b400000, 0x000000008b500000|  0%| F|  |TAMS 0x000000008b400000, 0x000000008b400000| Untracked 
| 181|0x000000008b500000, 0x000000008b500000, 0x000000008b600000|  0%| F|  |TAMS 0x000000008b500000, 0x000000008b500000| Untracked 
| 182|0x000000008b600000, 0x000000008b600000, 0x000000008b700000|  0%| F|  |TAMS 0x000000008b600000, 0x000000008b600000| Untracked 
| 183|0x000000008b700000, 0x000000008b700000, 0x000000008b800000|  0%| F|  |TAMS 0x000000008b700000, 0x000000008b700000| Untracked 
| 184|0x000000008b800000, 0x000000008b800000, 0x000000008b900000|  0%| F|  |TAMS 0x000000008b800000, 0x000000008b800000| Untracked 
| 185|0x000000008b900000, 0x000000008b900000, 0x000000008ba00000|  0%| F|  |TAMS 0x000000008b900000, 0x000000008b900000| Untracked 
| 186|0x000000008ba00000, 0x000000008ba00000, 0x000000008bb00000|  0%| F|  |TAMS 0x000000008ba00000, 0x000000008ba00000| Untracked 
| 187|0x000000008bb00000, 0x000000008bb00000, 0x000000008bc00000|  0%| F|  |TAMS 0x000000008bb00000, 0x000000008bb00000| Untracked 
| 188|0x000000008bc00000, 0x000000008bc00000, 0x000000008bd00000|  0%| F|  |TAMS 0x000000008bc00000, 0x000000008bc00000| Untracked 
| 189|0x000000008bd00000, 0x000000008bd00000, 0x000000008be00000|  0%| F|  |TAMS 0x000000008bd00000, 0x000000008bd00000| Untracked 
| 190|0x000000008be00000, 0x000000008be00000, 0x000000008bf00000|  0%| F|  |TAMS 0x000000008be00000, 0x000000008be00000| Untracked 
| 191|0x000000008bf00000, 0x000000008bf00000, 0x000000008c000000|  0%| F|  |TAMS 0x000000008bf00000, 0x000000008bf00000| Untracked 
| 192|0x000000008c000000, 0x000000008c100000, 0x000000008c100000|100%| E|  |TAMS 0x000000008c000000, 0x000000008c000000| Complete 
| 193|0x000000008c100000, 0x000000008c200000, 0x000000008c200000|100%| E|CS|TAMS 0x000000008c100000, 0x000000008c100000| Complete 
| 194|0x000000008c200000, 0x000000008c300000, 0x000000008c300000|100%| E|CS|TAMS 0x000000008c200000, 0x000000008c200000| Complete 
| 195|0x000000008c300000, 0x000000008c400000, 0x000000008c400000|100%| E|  |TAMS 0x000000008c300000, 0x000000008c300000| Complete 
| 196|0x000000008c400000, 0x000000008c500000, 0x000000008c500000|100%| E|CS|TAMS 0x000000008c400000, 0x000000008c400000| Complete 
| 197|0x000000008c500000, 0x000000008c600000, 0x000000008c600000|100%| E|CS|TAMS 0x000000008c500000, 0x000000008c500000| Complete 
| 198|0x000000008c600000, 0x000000008c700000, 0x000000008c700000|100%| E|CS|TAMS 0x000000008c600000, 0x000000008c600000| Complete 
| 199|0x000000008c700000, 0x000000008c800000, 0x000000008c800000|100%| E|CS|TAMS 0x000000008c700000, 0x000000008c700000| Complete 
| 200|0x000000008c800000, 0x000000008c900000, 0x000000008c900000|100%| E|CS|TAMS 0x000000008c800000, 0x000000008c800000| Complete 
| 201|0x000000008c900000, 0x000000008ca00000, 0x000000008ca00000|100%| E|CS|TAMS 0x000000008c900000, 0x000000008c900000| Complete 
| 202|0x000000008ca00000, 0x000000008cb00000, 0x000000008cb00000|100%| E|CS|TAMS 0x000000008ca00000, 0x000000008ca00000| Complete 
| 203|0x000000008cb00000, 0x000000008cc00000, 0x000000008cc00000|100%| E|CS|TAMS 0x000000008cb00000, 0x000000008cb00000| Complete 
| 204|0x000000008cc00000, 0x000000008cd00000, 0x000000008cd00000|100%| E|CS|TAMS 0x000000008cc00000, 0x000000008cc00000| Complete 
| 205|0x000000008cd00000, 0x000000008ce00000, 0x000000008ce00000|100%| E|CS|TAMS 0x000000008cd00000, 0x000000008cd00000| Complete 
| 206|0x000000008ce00000, 0x000000008cf00000, 0x000000008cf00000|100%| E|CS|TAMS 0x000000008ce00000, 0x000000008ce00000| Complete 
| 207|0x000000008cf00000, 0x000000008d000000, 0x000000008d000000|100%| E|CS|TAMS 0x000000008cf00000, 0x000000008cf00000| Complete 
| 208|0x000000008d000000, 0x000000008d100000, 0x000000008d100000|100%| E|CS|TAMS 0x000000008d000000, 0x000000008d000000| Complete 
| 209|0x000000008d100000, 0x000000008d200000, 0x000000008d200000|100%| E|CS|TAMS 0x000000008d100000, 0x000000008d100000| Complete 
| 210|0x000000008d200000, 0x000000008d300000, 0x000000008d300000|100%| E|CS|TAMS 0x000000008d200000, 0x000000008d200000| Complete 
| 211|0x000000008d300000, 0x000000008d400000, 0x000000008d400000|100%| E|CS|TAMS 0x000000008d300000, 0x000000008d300000| Complete 
| 212|0x000000008d400000, 0x000000008d500000, 0x000000008d500000|100%| E|CS|TAMS 0x000000008d400000, 0x000000008d400000| Complete 
| 213|0x000000008d500000, 0x000000008d600000, 0x000000008d600000|100%| E|CS|TAMS 0x000000008d500000, 0x000000008d500000| Complete 
| 214|0x000000008d600000, 0x000000008d700000, 0x000000008d700000|100%| E|CS|TAMS 0x000000008d600000, 0x000000008d600000| Complete 
| 215|0x000000008d700000, 0x000000008d800000, 0x000000008d800000|100%| E|CS|TAMS 0x000000008d700000, 0x000000008d700000| Complete 
| 216|0x000000008d800000, 0x000000008d900000, 0x000000008d900000|100%| E|CS|TAMS 0x000000008d800000, 0x000000008d800000| Complete 
| 217|0x000000008d900000, 0x000000008da00000, 0x000000008da00000|100%| E|CS|TAMS 0x000000008d900000, 0x000000008d900000| Complete 
| 218|0x000000008da00000, 0x000000008db00000, 0x000000008db00000|100%| E|CS|TAMS 0x000000008da00000, 0x000000008da00000| Complete 
| 219|0x000000008db00000, 0x000000008dc00000, 0x000000008dc00000|100%| E|CS|TAMS 0x000000008db00000, 0x000000008db00000| Complete 
| 220|0x000000008dc00000, 0x000000008dd00000, 0x000000008dd00000|100%| E|CS|TAMS 0x000000008dc00000, 0x000000008dc00000| Complete 
| 221|0x000000008dd00000, 0x000000008de00000, 0x000000008de00000|100%| E|CS|TAMS 0x000000008dd00000, 0x000000008dd00000| Complete 
| 222|0x000000008de00000, 0x000000008df00000, 0x000000008df00000|100%| E|CS|TAMS 0x000000008de00000, 0x000000008de00000| Complete 
| 223|0x000000008df00000, 0x000000008e000000, 0x000000008e000000|100%| E|CS|TAMS 0x000000008df00000, 0x000000008df00000| Complete 
| 224|0x000000008e000000, 0x000000008e100000, 0x000000008e100000|100%| E|CS|TAMS 0x000000008e000000, 0x000000008e000000| Complete 
| 225|0x000000008e100000, 0x000000008e200000, 0x000000008e200000|100%| E|CS|TAMS 0x000000008e100000, 0x000000008e100000| Complete 
| 226|0x000000008e200000, 0x000000008e280000, 0x000000008e300000| 50%| S|CS|TAMS 0x000000008e200000, 0x000000008e200000| Complete 
| 227|0x000000008e300000, 0x000000008e400000, 0x000000008e400000|100%| S|CS|TAMS 0x000000008e300000, 0x000000008e300000| Complete 
| 228|0x000000008e400000, 0x000000008e500000, 0x000000008e500000|100%| S|CS|TAMS 0x000000008e400000, 0x000000008e400000| Complete 
| 229|0x000000008e500000, 0x000000008e600000, 0x000000008e600000|100%| E|CS|TAMS 0x000000008e500000, 0x000000008e500000| Complete 
| 230|0x000000008e600000, 0x000000008e700000, 0x000000008e700000|100%| E|CS|TAMS 0x000000008e600000, 0x000000008e600000| Complete 
| 231|0x000000008e700000, 0x000000008e800000, 0x000000008e800000|100%| E|CS|TAMS 0x000000008e700000, 0x000000008e700000| Complete 
| 232|0x000000008e800000, 0x000000008e900000, 0x000000008e900000|100%| E|CS|TAMS 0x000000008e800000, 0x000000008e800000| Complete 
| 233|0x000000008e900000, 0x000000008ea00000, 0x000000008ea00000|100%| E|CS|TAMS 0x000000008e900000, 0x000000008e900000| Complete 
| 234|0x000000008ea00000, 0x000000008eb00000, 0x000000008eb00000|100%| E|CS|TAMS 0x000000008ea00000, 0x000000008ea00000| Complete 
| 235|0x000000008eb00000, 0x000000008ec00000, 0x000000008ec00000|100%| E|CS|TAMS 0x000000008eb00000, 0x000000008eb00000| Complete 
| 236|0x000000008ec00000, 0x000000008ed00000, 0x000000008ed00000|100%| E|CS|TAMS 0x000000008ec00000, 0x000000008ec00000| Complete 
| 237|0x000000008ed00000, 0x000000008ee00000, 0x000000008ee00000|100%| E|CS|TAMS 0x000000008ed00000, 0x000000008ed00000| Complete 
| 238|0x000000008ee00000, 0x000000008ef00000, 0x000000008ef00000|100%| E|CS|TAMS 0x000000008ee00000, 0x000000008ee00000| Complete 
| 239|0x000000008ef00000, 0x000000008f000000, 0x000000008f000000|100%| E|CS|TAMS 0x000000008ef00000, 0x000000008ef00000| Complete 

Card table byte_map: [0x0000023214eb0000,0x00000232152b0000] _byte_map_base: 0x0000023214ab0000

Marking Bits (Prev, Next): (CMBitMap*) 0x0000023201ffb4d0, (CMBitMap*) 0x0000023201ffb498
 Prev Bits: [0x00000232176b0000, 0x00000232196b0000)
 Next Bits: [0x00000232156b0000, 0x00000232176b0000)

Polling page: 0x00000232017a0000

Metaspace:

Usage:
  Non-class:     54.50 MB capacity,    53.59 MB ( 98%) used,   766.77 KB (  1%) free+waste,   160.31 KB ( <1%) overhead. 
      Class:      8.34 MB capacity,     7.77 MB ( 93%) used,   507.79 KB (  6%) free+waste,    75.19 KB ( <1%) overhead. 
       Both:     62.84 MB capacity,    61.37 MB ( 98%) used,     1.24 MB (  2%) free+waste,   235.50 KB ( <1%) overhead. 

Virtual space:
  Non-class space:       56.00 MB reserved,      54.50 MB ( 97%) committed 
      Class space:        1.00 GB reserved,       8.45 MB ( <1%) committed 
             Both:        1.05 GB reserved,      62.95 MB (  6%) committed 

Chunk freelists:
   Non-Class:  2.00 KB
       Class:  2.00 KB
        Both:  4.00 KB

MaxMetaspaceSize: 17179869184.00 GB
CompressedClassSpaceSize: 1.00 GB

CodeHeap 'non-profiled nmethods': size=120064Kb used=3550Kb max_used=3550Kb free=116514Kb
 bounds [0x000002320d570000, 0x000002320d8f0000, 0x0000023214ab0000]
CodeHeap 'profiled nmethods': size=120000Kb used=13086Kb max_used=13086Kb free=106913Kb
 bounds [0x0000023206040000, 0x0000023206d10000, 0x000002320d570000]
CodeHeap 'non-nmethods': size=5696Kb used=2275Kb max_used=2293Kb free=3420Kb
 bounds [0x0000023205ab0000, 0x0000023205d20000, 0x0000023206040000]
 total_blobs=7097 nmethods=6243 adapters=762
 compilation: enabled
              stopped_count=0, restarted_count=0
 full_count=0

Compilation events (20 events):
Event: 19.426 Thread 0x000002321c427000 nmethod 6261 0x0000023206cfe510 code [0x0000023206cfe740, 0x0000023206cff088]
Event: 19.426 Thread 0x000002321c427000 6269       3       com.google.gson.stream.JsonReader$1::promoteNameToValue (112 bytes)
Event: 19.428 Thread 0x000002321c427000 nmethod 6269 0x0000023206cff390 code [0x0000023206cff680, 0x0000023206d00788]
Event: 19.428 Thread 0x000002321c427000 6262       3       com.google.gson.stream.JsonReader::beginObject (70 bytes)
Event: 19.429 Thread 0x000002321c427000 nmethod 6262 0x0000023206d00c10 code [0x0000023206d00ee0, 0x0000023206d01c68]
Event: 19.429 Thread 0x000002321c427000 6264       3       com.google.gson.internal.UnsafeAllocator$1::newInstance (24 bytes)
Event: 19.430 Thread 0x000002321c427000 nmethod 6264 0x0000023206d02090 code [0x0000023206d022c0, 0x0000023206d029e8]
Event: 19.430 Thread 0x000002321c427000 6265       3       com.google.gson.internal.UnsafeAllocator::assertInstantiable (80 bytes)
Event: 19.432 Thread 0x000002321c427000 nmethod 6265 0x0000023206d02c10 code [0x0000023206d02f80, 0x0000023206d042c8]
Event: 19.432 Thread 0x000002321c427000 6266       3       java.lang.reflect.Modifier::isInterface (14 bytes)
Event: 19.432 Thread 0x000002321c427000 nmethod 6266 0x0000023206d04990 code [0x0000023206d04b40, 0x0000023206d04c78]
Event: 19.435 Thread 0x000002321c427000 6272       3       java.util.regex.Pattern::createGroup (86 bytes)
Event: 19.435 Thread 0x000002321c427000 nmethod 6272 0x0000023206d04d10 code [0x0000023206d04f20, 0x0000023206d05738]
Event: 19.435 Thread 0x000002321c427000 6273       3       java.util.regex.Pattern$GroupHead::<init> (10 bytes)
Event: 19.436 Thread 0x000002321c427000 nmethod 6273 0x0000023206d05990 code [0x0000023206d05b60, 0x0000023206d05d98]
Event: 19.436 Thread 0x000002321c427000 6275       3       kotlin.text.StringsKt__StringsJVMKt::replace$default (17 bytes)
Event: 19.436 Thread 0x000002321c427000 nmethod 6275 0x0000023206d05e90 code [0x0000023206d06040, 0x0000023206d06188]
Event: 19.436 Thread 0x000002321c427000 6277       3       kotlin.text.StringsKt__StringsKt::indexOf (65 bytes)
Event: 19.438 Thread 0x000002321c427000 nmethod 6277 0x0000023206d06290 code [0x0000023206d065a0, 0x0000023206d075c8]
Event: 19.438 Thread 0x000002321c427000 6276       3       java.util.regex.Pattern::group0 (1102 bytes)

GC Heap History (16 events):
Event: 1.824 GC heap before
{Heap before GC invocations=0 (full 0):
 garbage-first heap   total 245760K, used 19456K [0x0000000080000000, 0x0000000100000000)
  region size 1024K, 14 young (14336K), 0 survivors (0K)
 Metaspace       used 6763K, capacity 6937K, committed 7168K, reserved 1056768K
  class space    used 584K, capacity 650K, committed 768K, reserved 1048576K
}
Event: 1.830 GC heap after
{Heap after GC invocations=1 (full 0):
 garbage-first heap   total 245760K, used 7923K [0x0000000080000000, 0x0000000100000000)
  region size 1024K, 2 young (2048K), 2 survivors (2048K)
 Metaspace       used 6763K, capacity 6937K, committed 7168K, reserved 1056768K
  class space    used 584K, capacity 650K, committed 768K, reserved 1048576K
}
Event: 7.423 GC heap before
{Heap before GC invocations=1 (full 0):
 garbage-first heap   total 245760K, used 112371K [0x0000000080000000, 0x0000000100000000)
  region size 1024K, 105 young (107520K), 2 survivors (2048K)
 Metaspace       used 20593K, capacity 21104K, committed 21248K, reserved 1067008K
  class space    used 2509K, capacity 2690K, committed 2816K, reserved 1048576K
}
Event: 7.443 GC heap after
{Heap after GC invocations=2 (full 0):
 garbage-first heap   total 245760K, used 16354K [0x0000000080000000, 0x0000000100000000)
  region size 1024K, 11 young (11264K), 11 survivors (11264K)
 Metaspace       used 20593K, capacity 21104K, committed 21248K, reserved 1067008K
  class space    used 2509K, capacity 2690K, committed 2816K, reserved 1048576K
}
Event: 8.084 GC heap before
{Heap before GC invocations=3 (full 0):
 garbage-first heap   total 245760K, used 41954K [0x0000000080000000, 0x0000000100000000)
  region size 1024K, 36 young (36864K), 11 survivors (11264K)
 Metaspace       used 23214K, capacity 23899K, committed 24192K, reserved 1071104K
  class space    used 2945K, capacity 3157K, committed 3200K, reserved 1048576K
}
Event: 8.098 GC heap after
{Heap after GC invocations=4 (full 0):
 garbage-first heap   total 245760K, used 17908K [0x0000000080000000, 0x0000000100000000)
  region size 1024K, 2 young (2048K), 2 survivors (2048K)
 Metaspace       used 23214K, capacity 23899K, committed 24192K, reserved 1071104K
  class space    used 2945K, capacity 3157K, committed 3200K, reserved 1048576K
}
Event: 10.607 GC heap before
{Heap before GC invocations=4 (full 0):
 garbage-first heap   total 245760K, used 100852K [0x0000000080000000, 0x0000000100000000)
  region size 1024K, 83 young (84992K), 2 survivors (2048K)
 Metaspace       used 34777K, capacity 35550K, committed 35584K, reserved 1079296K
  class space    used 4533K, capacity 4832K, committed 4864K, reserved 1048576K
}
Event: 10.617 GC heap after
{Heap after GC invocations=5 (full 0):
 garbage-first heap   total 245760K, used 21919K [0x0000000080000000, 0x0000000100000000)
  region size 1024K, 6 young (6144K), 6 survivors (6144K)
 Metaspace       used 34777K, capacity 35550K, committed 35584K, reserved 1079296K
  class space    used 4533K, capacity 4832K, committed 4864K, reserved 1048576K
}
Event: 10.658 GC heap before
{Heap before GC invocations=5 (full 0):
 garbage-first heap   total 245760K, used 21919K [0x0000000080000000, 0x0000000100000000)
  region size 1024K, 8 young (8192K), 6 survivors (6144K)
 Metaspace       used 35081K, capacity 35838K, committed 35840K, reserved 1081344K
  class space    used 4545K, capacity 4864K, committed 4864K, reserved 1048576K
}
Event: 10.669 GC heap after
{Heap after GC invocations=6 (full 0):
 garbage-first heap   total 245760K, used 22413K [0x0000000080000000, 0x0000000100000000)
  region size 1024K, 6 young (6144K), 6 survivors (6144K)
 Metaspace       used 35081K, capacity 35838K, committed 35840K, reserved 1081344K
  class space    used 4545K, capacity 4864K, committed 4864K, reserved 1048576K
}
Event: 13.366 GC heap before
{Heap before GC invocations=7 (full 0):
 garbage-first heap   total 245760K, used 141197K [0x0000000080000000, 0x0000000100000000)
  region size 1024K, 119 young (121856K), 6 survivors (6144K)
 Metaspace       used 44513K, capacity 45637K, committed 45900K, reserved 1089536K
  class space    used 5712K, capacity 6115K, committed 6220K, reserved 1048576K
}
Event: 13.389 GC heap after
{Heap after GC invocations=8 (full 0):
 garbage-first heap   total 245760K, used 29168K [0x0000000080000000, 0x0000000100000000)
  region size 1024K, 13 young (13312K), 13 survivors (13312K)
 Metaspace       used 44513K, capacity 45637K, committed 45900K, reserved 1089536K
  class space    used 5712K, capacity 6115K, committed 6220K, reserved 1048576K
}
Event: 17.725 GC heap before
{Heap before GC invocations=8 (full 0):
 garbage-first heap   total 245760K, used 170480K [0x0000000080000000, 0x0000000100000000)
  region size 1024K, 144 young (147456K), 13 survivors (13312K)
 Metaspace       used 56507K, capacity 57943K, committed 58188K, reserved 1099776K
  class space    used 7176K, capacity 7698K, committed 7756K, reserved 1048576K
}
Event: 17.778 GC heap after
{Heap after GC invocations=9 (full 0):
 garbage-first heap   total 245760K, used 50052K [0x0000000080000000, 0x0000000100000000)
  region size 1024K, 18 young (18432K), 18 survivors (18432K)
 Metaspace       used 56507K, capacity 57943K, committed 58188K, reserved 1099776K
  class space    used 7176K, capacity 7698K, committed 7756K, reserved 1048576K
}
Event: 18.200 GC heap before
{Heap before GC invocations=9 (full 0):
 garbage-first heap   total 245760K, used 60292K [0x0000000080000000, 0x0000000100000000)
  region size 1024K, 29 young (29696K), 18 survivors (18432K)
 Metaspace       used 58579K, capacity 60056K, committed 60236K, reserved 1101824K
  class space    used 7428K, capacity 7976K, committed 8012K, reserved 1048576K
}
Event: 18.239 GC heap after
{Heap after GC invocations=10 (full 0):
 garbage-first heap   total 245760K, used 53481K [0x0000000080000000, 0x0000000100000000)
  region size 1024K, 3 young (3072K), 3 survivors (3072K)
 Metaspace       used 58579K, capacity 60056K, committed 60236K, reserved 1101824K
  class space    used 7428K, capacity 7976K, committed 8012K, reserved 1048576K
}

Deoptimization events (20 events):
Event: 18.514 Thread 0x000002321ea93800 DEOPT PACKING pc=0x0000023206c5e75d sp=0x000000f4f7df40f0
Event: 18.514 Thread 0x000002321ea93800 DEOPT UNPACKING pc=0x0000023205ad71ce sp=0x000000f4f7df35a8 mode 0
Event: 18.514 Thread 0x000002321ea93800 DEOPT PACKING pc=0x0000023206c5e75d sp=0x000000f4f7df40f0
Event: 18.514 Thread 0x000002321ea93800 DEOPT UNPACKING pc=0x0000023205ad71ce sp=0x000000f4f7df35a8 mode 0
Event: 18.514 Thread 0x000002321ea93800 DEOPT PACKING pc=0x0000023206c5e75d sp=0x000000f4f7df40f0
Event: 18.514 Thread 0x000002321ea93800 DEOPT UNPACKING pc=0x0000023205ad71ce sp=0x000000f4f7df35a8 mode 0
Event: 18.514 Thread 0x000002321ea93800 DEOPT PACKING pc=0x0000023206c5e75d sp=0x000000f4f7df40f0
Event: 18.514 Thread 0x000002321ea93800 DEOPT UNPACKING pc=0x0000023205ad71ce sp=0x000000f4f7df35a8 mode 0
Event: 18.515 Thread 0x000002321ea93800 DEOPT PACKING pc=0x0000023206c5e75d sp=0x000000f4f7df40f0
Event: 18.515 Thread 0x000002321ea93800 DEOPT UNPACKING pc=0x0000023205ad71ce sp=0x000000f4f7df35a8 mode 0
Event: 18.515 Thread 0x000002321ea93800 DEOPT PACKING pc=0x0000023206c5e75d sp=0x000000f4f7df40f0
Event: 18.515 Thread 0x000002321ea93800 DEOPT UNPACKING pc=0x0000023205ad71ce sp=0x000000f4f7df35a8 mode 0
Event: 18.519 Thread 0x000002321ea93800 DEOPT PACKING pc=0x0000023206c5e75d sp=0x000000f4f7df4450
Event: 18.519 Thread 0x000002321ea93800 DEOPT UNPACKING pc=0x0000023205ad71ce sp=0x000000f4f7df3908 mode 0
Event: 18.520 Thread 0x000002321ea93800 DEOPT PACKING pc=0x0000023206c5e75d sp=0x000000f4f7df4450
Event: 18.520 Thread 0x000002321ea93800 DEOPT UNPACKING pc=0x0000023205ad71ce sp=0x000000f4f7df3908 mode 0
Event: 19.229 Thread 0x000002321ea93800 Uncommon trap: trap_request=0xffffff4d fr.pc=0x000002320d818b00 relative=0x0000000000000320
Event: 19.229 Thread 0x000002321ea93800 Uncommon trap: reason=unstable_if action=reinterpret pc=0x000002320d818b00 method=org.gradle.internal.reflect.PropertyAccessorType.of(Ljava/lang/reflect/Method;)Lorg/gradle/internal/reflect/PropertyAccessorType; @ 56 c2
Event: 19.229 Thread 0x000002321ea93800 DEOPT PACKING pc=0x000002320d818b00 sp=0x000000f4f7df7c80
Event: 19.229 Thread 0x000002321ea93800 DEOPT UNPACKING pc=0x0000023205ad73af sp=0x000000f4f7df7c40 mode 2

Classes redefined (0 events):
No events

Internal exceptions (20 events):
Event: 15.747 Thread 0x000002321ebeb800 Exception <a 'java/lang/NoSuchMethodError'{0x000000008abafe58}: <clinit>> (0x000000008abafe58) thrown at [./src/hotspot/share/prims/jni.cpp, line 1362]
Event: 15.751 Thread 0x000002321ebeb800 Exception <a 'java/lang/NoSuchMethodError'{0x000000008abc3c20}: <clinit>> (0x000000008abc3c20) thrown at [./src/hotspot/share/prims/jni.cpp, line 1362]
Event: 15.774 Thread 0x000002321ea93800 Exception <a 'java/lang/ClassNotFoundException'{0x000000008aa20ec0}: build_8cp74r3nxys0ji0l4dt6yzg4qBeanInfo> (0x000000008aa20ec0) thrown at [./src/hotspot/share/classfile/systemDictionary.cpp, line 231]
Event: 15.774 Thread 0x000002321ea93800 Exception <a 'java/lang/ClassNotFoundException'{0x000000008aa2b538}: build_8cp74r3nxys0ji0l4dt6yzg4qCustomizer> (0x000000008aa2b538) thrown at [./src/hotspot/share/classfile/systemDictionary.cpp, line 231]
Event: 15.790 Thread 0x000002321ea93800 Exception <a 'java/lang/ClassNotFoundException'{0x000000008aaa8a88}: org/gradle/plugin/use/internal/PluginRequestCollector$PluginDependenciesSpecImplBeanInfo> (0x000000008aaa8a88) thrown at [./src/hotspot/share/classfile/systemDictionary.cpp, line 231]
Event: 15.791 Thread 0x000002321ea93800 Exception <a 'java/lang/ClassNotFoundException'{0x000000008aad4c38}: org/gradle/plugin/use/internal/PluginRequestCollector$PluginDependenciesSpecImplCustomizer> (0x000000008aad4c38) thrown at [./src/hotspot/share/classfile/systemDictionary.cpp, line 231]
Event: 15.884 Thread 0x000002321ea93800 Exception <a 'java/lang/ClassNotFoundException'{0x000000008a62ad20}: org/gradle/api/internal/plugins/DefaultObjectConfigurationActionBeanInfo> (0x000000008a62ad20) thrown at [./src/hotspot/share/classfile/systemDictionary.cpp, line 231]
Event: 15.887 Thread 0x000002321ea93800 Exception <a 'java/lang/ClassNotFoundException'{0x000000008a65cd68}: org/gradle/api/internal/plugins/DefaultObjectConfigurationActionCustomizer> (0x000000008a65cd68) thrown at [./src/hotspot/share/classfile/systemDictionary.cpp, line 231]
Event: 16.135 Thread 0x000002321ea93800 Exception <a 'java/lang/NoSuchMethodError'{0x0000000089c19d38}: 'java.lang.Object java.lang.invoke.DirectMethodHandle$Holder.invokeStatic(java.lang.Object, java.lang.Object, java.lang.Object, java.lang.Object, int)'> (0x0000000089c19d38) thrown at [./src/hotspot/share/interpreter/linkResolver.cpp, line 773]
Event: 16.136 Thread 0x000002321ea93800 Exception <a 'java/lang/NoSuchMethodError'{0x0000000089c1e730}: 'java.lang.Object java.lang.invoke.DirectMethodHandle$Holder.invokeSpecial(java.lang.Object, java.lang.Object, java.lang.Object, java.lang.Object, java.lang.Object, int)'> (0x0000000089c1e730) thrown at [./src/hotspot/share/interpreter/linkResolver.cpp, line 773]
Event: 16.137 Thread 0x000002321ea93800 Exception <a 'java/lang/NoSuchMethodError'{0x0000000089c22d70}: 'java.lang.Object java.lang.invoke.Invokers$Holder.linkToTargetMethod(java.lang.Object, java.lang.Object, java.lang.Object, int, java.lang.Object)'> (0x0000000089c22d70) thrown at [./src/hotspot/share/interpreter/linkResolver.cpp, line 773]
Event: 16.232 Thread 0x000002321ea93800 Implicit null exception at 0x000002320d7f041a to 0x000002320d7f08bc
Event: 16.607 Thread 0x000002321ea93800 Exception <a 'java/lang/NoSuchMethodError'{0x0000000088ec0b78}: 'java.lang.Object java.lang.invoke.DirectMethodHandle$Holder.invokeSpecial(java.lang.Object, java.lang.Object, int, int, java.lang.Object, java.lang.Object, java.lang.Object)'> (0x0000000088ec0b78) thrown at [./src/hotspot/share/interpreter/linkResolver.cpp, line 773]
Event: 16.608 Thread 0x000002321ea93800 Exception <a 'java/lang/NoSuchMethodError'{0x0000000088ec50f8}: 'java.lang.Object java.lang.invoke.DelegatingMethodHandle$Holder.reinvoke_L(java.lang.Object, int, int, java.lang.Object, java.lang.Object, java.lang.Object)'> (0x0000000088ec50f8) thrown at [./src/hotspot/share/interpreter/linkResolver.cpp, line 773]
Event: 17.005 Thread 0x000002321ea93800 Exception <a 'java/lang/NoSuchMethodError'{0x000000008825a660}: 'int java.lang.invoke.DirectMethodHandle$Holder.invokeInterface(java.lang.Object, java.lang.Object, java.lang.Object, java.lang.Object)'> (0x000000008825a660) thrown at [./src/hotspot/share/interpreter/linkResolver.cpp, line 773]
Event: 17.541 Thread 0x000002321ea93800 Exception <a 'java/lang/NoSuchMethodError'{0x0000000086505978}: 'void java.lang.invoke.DirectMethodHandle$Holder.invokeInterface(java.lang.Object, java.lang.Object, java.lang.Object, java.lang.Object)'> (0x0000000086505978) thrown at [./src/hotspot/share/interpreter/linkResolver.cpp, line 773]
Event: 17.876 Thread 0x000002321ea93800 Exception <a 'java/lang/IncompatibleClassChangeError'{0x000000008ed0ac70}: Found class java.lang.Object, but interface was expected> (0x000000008ed0ac70) thrown at [./src/hotspot/share/interpreter/linkResolver.cpp, line 839]
Event: 17.986 Thread 0x000002321ea93800 Implicit null exception at 0x000002320d767cd4 to 0x000002320d767e50
Event: 18.172 Thread 0x000002321ea93800 Implicit null exception at 0x000002320d6d1a8b to 0x000002320d6d1b64
Event: 18.594 Thread 0x000002321ea93800 Exception <a 'sun/nio/fs/WindowsException'{0x000000008df74378}> (0x000000008df74378) thrown at [./src/hotspot/share/prims/jni.cpp, line 615]

Events (20 events):
Event: 19.438 loading class com/android/tools/build/jetifier/core/rule/RewriteRulesMap$Companion
Event: 19.438 loading class com/android/tools/build/jetifier/core/rule/RewriteRulesMap$Companion done
Event: 19.440 loading class com/android/tools/build/jetifier/core/PackageMap$PackageRule
Event: 19.440 loading class com/android/tools/build/jetifier/core/PackageMap$PackageRule done
Event: 19.441 loading class com/android/tools/build/jetifier/core/PackageMap
Event: 19.441 loading class com/android/tools/build/jetifier/core/PackageMap done
Event: 19.442 loading class com/android/tools/build/jetifier/core/PackageMap$Companion
Event: 19.442 loading class com/android/tools/build/jetifier/core/PackageMap$Companion done
Event: 19.443 loading class com/android/tools/build/jetifier/core/pom/PomRewriteRule
Event: 19.443 loading class com/android/tools/build/jetifier/core/pom/PomRewriteRule done
Event: 19.445 loading class com/android/tools/build/jetifier/core/pom/PomRewriteRule$Companion
Event: 19.445 loading class com/android/tools/build/jetifier/core/pom/PomRewriteRule$Companion done
Event: 19.447 loading class com/android/tools/build/jetifier/core/pom/DependencyVersionsMap
Event: 19.447 loading class com/android/tools/build/jetifier/core/pom/DependencyVersionsMap done
Event: 19.447 loading class com/android/tools/build/jetifier/core/pom/DependencyVersionsMap$Companion
Event: 19.447 loading class com/android/tools/build/jetifier/core/pom/DependencyVersionsMap$Companion done
Event: 19.448 loading class kotlin/collections/EmptyMap
Event: 19.448 loading class kotlin/collections/EmptyMap done
Event: 19.450 loading class com/android/tools/build/jetifier/core/type/JavaType
Event: 19.450 loading class com/android/tools/build/jetifier/core/type/JavaType done


Dynamic libraries:
0x00007ff660fa0000 - 0x00007ff660faa000 	C:\Program Files\Android\Android Studio\jre\bin\java.exe
0x00007ffb49150000 - 0x00007ffb49347000 	C:\WINDOWS\SYSTEM32\ntdll.dll
0x00007ffb47ad0000 - 0x00007ffb47b8d000 	C:\WINDOWS\System32\KERNEL32.DLL
0x00007ffb46870000 - 0x00007ffb46b3d000 	C:\WINDOWS\System32\KERNELBASE.dll
0x00007ffb46da0000 - 0x00007ffb46ea0000 	C:\WINDOWS\System32\ucrtbase.dll
0x00007ffb302e0000 - 0x00007ffb302f9000 	C:\Program Files\Android\Android Studio\jre\bin\jli.dll
0x00007ffb478a0000 - 0x00007ffb47a40000 	C:\WINDOWS\System32\USER32.dll
0x00007ffb46ea0000 - 0x00007ffb46ec2000 	C:\WINDOWS\System32\win32u.dll
0x00007ffb47390000 - 0x00007ffb473ba000 	C:\WINDOWS\System32\GDI32.dll
0x00007ffb46be0000 - 0x00007ffb46ceb000 	C:\WINDOWS\System32\gdi32full.dll
0x00007ffb46b40000 - 0x00007ffb46bdd000 	C:\WINDOWS\System32\msvcp_win.dll
0x00007ffb2f780000 - 0x00007ffb2f797000 	C:\Program Files\Android\Android Studio\jre\bin\VCRUNTIME140.dll
0x00007ffb45560000 - 0x00007ffb457fa000 	C:\WINDOWS\WinSxS\amd64_microsoft.windows.common-controls_6595b64144ccf1df_6.0.19041.1110_none_60b5254171f9507e\COMCTL32.dll
0x00007ffb47cb0000 - 0x00007ffb47d4e000 	C:\WINDOWS\System32\msvcrt.dll
0x00007ffb47ec0000 - 0x00007ffb47ef0000 	C:\WINDOWS\System32\IMM32.DLL
0x00007ffafa060000 - 0x00007ffafa0fd000 	C:\Program Files\Android\Android Studio\jre\bin\msvcp140.dll
0x00007ffb0b2f0000 - 0x00007ffb0bdbf000 	C:\Program Files\Android\Android Studio\jre\bin\server\jvm.dll
0x00007ffb48640000 - 0x00007ffb486ee000 	C:\WINDOWS\System32\ADVAPI32.dll
0x00007ffb472f0000 - 0x00007ffb4738c000 	C:\WINDOWS\System32\sechost.dll
0x00007ffb473f0000 - 0x00007ffb47515000 	C:\WINDOWS\System32\RPCRT4.dll
0x00007ffb47880000 - 0x00007ffb47888000 	C:\WINDOWS\System32\PSAPI.DLL
0x00007ffb351a0000 - 0x00007ffb351a9000 	C:\WINDOWS\SYSTEM32\WSOCK32.dll
0x00007ffb486f0000 - 0x00007ffb4875b000 	C:\WINDOWS\System32\WS2_32.dll
0x00007ffb44d90000 - 0x00007ffb44db7000 	C:\WINDOWS\SYSTEM32\WINMM.dll
0x00007ffb3e250000 - 0x00007ffb3e25a000 	C:\WINDOWS\SYSTEM32\VERSION.dll
0x00007ffb444a0000 - 0x00007ffb444b2000 	C:\WINDOWS\SYSTEM32\kernel.appcore.dll
0x00007ffb34db0000 - 0x00007ffb34dc1000 	C:\Program Files\Android\Android Studio\jre\bin\verify.dll
0x00007ffb3c7b0000 - 0x00007ffb3c994000 	C:\WINDOWS\SYSTEM32\DBGHELP.DLL
0x00007ffb38aa0000 - 0x00007ffb38acc000 	C:\WINDOWS\SYSTEM32\dbgcore.DLL
0x00007ffb47080000 - 0x00007ffb47102000 	C:\WINDOWS\System32\bcryptPrimitives.dll
0x00007ffb34d80000 - 0x00007ffb34da9000 	C:\Program Files\Android\Android Studio\jre\bin\java.dll
0x00007ffb34d70000 - 0x00007ffb34d7b000 	C:\Program Files\Android\Android Studio\jre\bin\jimage.dll
0x00007ffb19370000 - 0x00007ffb19388000 	C:\Program Files\Android\Android Studio\jre\bin\zip.dll
0x00007ffb47ef0000 - 0x00007ffb48634000 	C:\WINDOWS\System32\SHELL32.dll
0x00007ffb44dc0000 - 0x00007ffb45554000 	C:\WINDOWS\SYSTEM32\windows.storage.dll
0x00007ffb47520000 - 0x00007ffb47874000 	C:\WINDOWS\System32\combase.dll
0x00007ffb46200000 - 0x00007ffb4622c000 	C:\WINDOWS\SYSTEM32\Wldp.dll
0x00007ffb47e10000 - 0x00007ffb47ebd000 	C:\WINDOWS\System32\SHCORE.dll
0x00007ffb47290000 - 0x00007ffb472e5000 	C:\WINDOWS\System32\shlwapi.dll
0x00007ffb467b0000 - 0x00007ffb467cf000 	C:\WINDOWS\SYSTEM32\profapi.dll
0x00007ffb2bc70000 - 0x00007ffb2bc8a000 	C:\Program Files\Android\Android Studio\jre\bin\net.dll
0x00007ffb3c1c0000 - 0x00007ffb3c2ca000 	C:\WINDOWS\SYSTEM32\WINHTTP.dll
0x00007ffb45f60000 - 0x00007ffb45fca000 	C:\WINDOWS\system32\mswsock.dll
0x00007ffb2bc50000 - 0x00007ffb2bc64000 	C:\Program Files\Android\Android Studio\jre\bin\nio.dll
0x00007ffb3fb30000 - 0x00007ffb3fb57000 	C:\Users\marin\.gradle\native\8bec1ad78214c89d9ad589b4d07fe93259594b29d510b10fafb7a158f7737e5d\windows-amd64\native-platform.dll
0x00007ffb2c290000 - 0x00007ffb2c3cd000 	C:\Users\marin\.gradle\native\53dbd7edfb1c66fb8903c78663c9afc45aea4f116125fa6feffd364cf09443e8\windows-amd64\native-platform-file-events.dll
0x00007ffb34b40000 - 0x00007ffb34b4a000 	C:\Program Files\Android\Android Studio\jre\bin\management.dll
0x00007ffb34ad0000 - 0x00007ffb34adc000 	C:\Program Files\Android\Android Studio\jre\bin\management_ext.dll
0x00007ffb46150000 - 0x00007ffb46168000 	C:\WINDOWS\SYSTEM32\CRYPTSP.dll
0x0000000069920000 - 0x0000000069939000 	C:\Program Files\Common Files\Crypto Pro\AppCompat\cpadvai.dll
0x00007ffb458e0000 - 0x00007ffb45914000 	C:\WINDOWS\system32\rsaenh.dll
0x00007ffb47180000 - 0x00007ffb471a7000 	C:\WINDOWS\System32\bcrypt.dll
0x00007ffb46770000 - 0x00007ffb4679e000 	C:\WINDOWS\SYSTEM32\USERENV.dll
0x00007ffb46170000 - 0x00007ffb4617c000 	C:\WINDOWS\SYSTEM32\CRYPTBASE.dll
0x00007ffb45c50000 - 0x00007ffb45c8b000 	C:\WINDOWS\SYSTEM32\IPHLPAPI.DLL
0x00007ffb473c0000 - 0x00007ffb473c8000 	C:\WINDOWS\System32\NSI.dll
0x00007ffb3c490000 - 0x00007ffb3c4a7000 	C:\WINDOWS\SYSTEM32\dhcpcsvc6.DLL
0x00007ffb3c720000 - 0x00007ffb3c73d000 	C:\WINDOWS\SYSTEM32\dhcpcsvc.DLL
0x00007ffb45c90000 - 0x00007ffb45d5b000 	C:\WINDOWS\SYSTEM32\DNSAPI.dll

dbghelp: loaded successfully - version: 4.0.5 - missing functions: none
symbol engine: initialized successfully - sym options: 0x614 - pdb path: .;C:\Program Files\Android\Android Studio\jre\bin;C:\WINDOWS\SYSTEM32;C:\WINDOWS\WinSxS\amd64_microsoft.windows.common-controls_6595b64144ccf1df_6.0.19041.1110_none_60b5254171f9507e;C:\Program Files\Android\Android Studio\jre\bin\server;C:\Users\marin\.gradle\native\8bec1ad78214c89d9ad589b4d07fe93259594b29d510b10fafb7a158f7737e5d\windows-amd64;C:\Users\marin\.gradle\native\53dbd7edfb1c66fb8903c78663c9afc45aea4f116125fa6feffd364cf09443e8\windows-amd64;C:\Program Files\Common Files\Crypto Pro\AppCompat

VM Arguments:
jvm_args: --add-opens=java.base/java.util=ALL-UNNAMED --add-opens=java.base/java.lang=ALL-UNNAMED --add-opens=java.base/java.lang.invoke=ALL-UNNAMED --add-opens=java.base/java.util=ALL-UNNAMED --add-opens=java.prefs/java.util.prefs=ALL-UNNAMED --add-opens=java.prefs/java.util.prefs=ALL-UNNAMED --add-opens=java.base/java.nio.charset=ALL-UNNAMED --add-opens=java.base/java.net=ALL-UNNAMED --add-opens=java.base/java.util.concurrent.atomic=ALL-UNNAMED -Xmx2048m -Dfile.encoding=UTF-8 -Duser.country=RU -Duser.language=ru -Duser.variant 
java_command: org.gradle.launcher.daemon.bootstrap.GradleDaemon 7.0.2
java_class_path (initial): C:\Users\marin\.gradle\wrapper\dists\gradle-7.0.2-bin\857tjihv64xamwrf0h14cai3r\gradle-7.0.2\lib\gradle-launcher-7.0.2.jar
Launcher Type: SUN_STANDARD

[Global flags]
     intx CICompilerCount                          = 3                                         {product} {ergonomic}
     uint ConcGCThreads                            = 1                                         {product} {ergonomic}
     uint G1ConcRefinementThreads                  = 4                                         {product} {ergonomic}
   size_t G1HeapRegionSize                         = 1048576                                   {product} {ergonomic}
    uintx GCDrainStackTargetSize                   = 64                                        {product} {ergonomic}
   size_t InitialHeapSize                          = 251658240                                 {product} {ergonomic}
   size_t MarkStackSize                            = 4194304                                   {product} {ergonomic}
   size_t MaxHeapSize                              = 2147483648                                {product} {command line}
   size_t MaxNewSize                               = 1287651328                                {product} {ergonomic}
   size_t MinHeapDeltaBytes                        = 1048576                                   {product} {ergonomic}
    uintx NonNMethodCodeHeapSize                   = 5830732                                {pd product} {ergonomic}
    uintx NonProfiledCodeHeapSize                  = 122913754                              {pd product} {ergonomic}
    uintx ProfiledCodeHeapSize                     = 122913754                              {pd product} {ergonomic}
    uintx ReservedCodeCacheSize                    = 251658240                              {pd product} {ergonomic}
     bool SegmentedCodeCache                       = true                                      {product} {ergonomic}
     bool UseCompressedClassPointers               = true                                 {lp64_product} {ergonomic}
     bool UseCompressedOops                        = true                                 {lp64_product} {ergonomic}
     bool UseG1GC                                  = true                                      {product} {ergonomic}
     bool UseLargePagesIndividualAllocation        = false                                  {pd product} {ergonomic}

Logging:
Log output configuration:
 #0: stdout all=warning uptime,level,tags
 #1: stderr all=off uptime,level,tags

Environment Variables:
PATH=C:\Python39\Scripts\;C:\Python39\;C:\Program Files (x86)\Common Files\Oracle\Java\javapath;C:\WINDOWS\system32;C:\WINDOWS;C:\WINDOWS\System32\Wbem;C:\WINDOWS\System32\WindowsPowerShell\v1.0\;C:\WINDOWS\System32\OpenSSH\;c:\sqlite3\;C:\Program Files\nodejs\;C:\ProgramData\chocolatey\bin;C:\android\Git\cmd;C:\Program Files\TortoiseGit\bin;C:\Program Files\PuTTY\;C:\Users\marin\AppData\Local\Microsoft\WindowsApps;;C:\Program Files\JetBrains\PhpStorm 2019.2\bin;;C:\Users\marin\AppData\Roaming\npm
USERNAME=marin
OS=Windows_NT
PROCESSOR_IDENTIFIER=AMD64 Family 21 Model 101 Stepping 1, AuthenticAMD



---------------  S Y S T E M  ---------------

OS: Windows 10 , 64 bit Build 19041 (10.0.19041.1741)
OS uptime: 1 days 4:27 hours

CPU:total 4 (initial active 4) (4 cores per cpu, 1 threads per core) family 21 model 101 stepping 1 microcode 0x0, cmov, cx8, fxsr, mmx, sse, sse2, sse3, ssse3, sse4.1, sse4.2, popcnt, avx, avx2, aes, clmul, mmxext, 3dnowpref, lzcnt, sse4a, tsc, tscinvbit, tscinv, bmi1, bmi2, fma

Memory: 4k page, system-wide physical 15312M (5981M free)
TotalPageFile size 19408M (AvailPageFile size 4238M)
current process WorkingSet (physical memory assigned to process): 408M, peak: 409M
current process commit charge ("private bytes"): 464M, peak: 466M

vm_info: OpenJDK 64-Bit Server VM (11.0.10+0-b96-7249189) for windows-amd64 JRE (11.0.10+0-b96-7249189), built on Mar 31 2021 21:44:00 by "builder" with MS VC++ 14.0 (VS2015)

END.
